<?xml version="1.0" encoding="UTF-8"?>
<testsuite name="ExerciseScheduleService 단위 테스트" tests="6" skipped="0" failures="0" errors="0" timestamp="2025-11-24T04:35:31.804Z" hostname="igihoui-MacBookPro.local" time="0.042">
  <properties/>
  <testcase name="일정 생성 - 성공" classname="com.kspo.carefit.domain.exercise.service.ExerciseScheduleServiceTest" time="0.029"/>
  <testcase name="일정 삭제 - 성공" classname="com.kspo.carefit.domain.exercise.service.ExerciseScheduleServiceTest" time="0.002"/>
  <testcase name="일정 수정 - 성공" classname="com.kspo.carefit.domain.exercise.service.ExerciseScheduleServiceTest" time="0.002"/>
  <testcase name="일정 삭제 - 존재하지 않는 일정일 때 예외 발생" classname="com.kspo.carefit.domain.exercise.service.ExerciseScheduleServiceTest" time="0.002"/>
  <testcase name="일정 수정 - 존재하지 않는 일정일 때 예외 발생" classname="com.kspo.carefit.domain.exercise.service.ExerciseScheduleServiceTest" time="0.001"/>
  <testcase name="날짜별 일정 조회 - 성공" classname="com.kspo.carefit.domain.exercise.service.ExerciseScheduleServiceTest" time="0.003"/>
  <system-out><![CDATA[]]></system-out>
  <system-err><![CDATA[]]></system-err>
</testsuite>
