<?xml version="1.0" encoding="UTF-8"?>
<testsuite name="ExerciseService 단위 테스트" tests="7" skipped="0" failures="0" errors="0" timestamp="2025-11-24T04:35:31.848Z" hostname="igihoui-MacBookPro.local" time="0.03">
  <properties/>
  <testcase name="운동 종료 - 존재하지 않는 운동일 때 예외 발생" classname="com.kspo.carefit.domain.exercise.service.ExerciseServiceTest" time="0.023"/>
  <testcase name="운동 시작 - 성공" classname="com.kspo.carefit.domain.exercise.service.ExerciseServiceTest" time="0.001"/>
  <testcase name="운동 시작 - 이미 진행 중인 운동이 있을 때 예외 발생" classname="com.kspo.carefit.domain.exercise.service.ExerciseServiceTest" time="0.001"/>
  <testcase name="현재 진행 중인 운동 조회 - 성공" classname="com.kspo.carefit.domain.exercise.service.ExerciseServiceTest" time="0.001"/>
  <testcase name="특정 날짜 운동 조회 - 성공" classname="com.kspo.carefit.domain.exercise.service.ExerciseServiceTest" time="0.0"/>
  <testcase name="운동 종료 - 성공" classname="com.kspo.carefit.domain.exercise.service.ExerciseServiceTest" time="0.002"/>
  <testcase name="기간별 운동 조회 - 성공" classname="com.kspo.carefit.domain.exercise.service.ExerciseServiceTest" time="0.0"/>
  <system-out><![CDATA[]]></system-out>
  <system-err><![CDATA[]]></system-err>
</testsuite>
