<?xml version="1.0" encoding="UTF-8"?>
<testsuite name="ConditionCheckService 단위 테스트" tests="3" skipped="0" failures="0" errors="0" timestamp="2025-11-24T04:35:31.288Z" hostname="igihoui-MacBookPro.local" time="0.513">
  <properties/>
  <testcase name="컨디션 체크 저장 - 부상 있음" classname="com.kspo.carefit.domain.exercise.service.ConditionCheckServiceTest" time="0.505"/>
  <testcase name="컨디션 체크 저장 - 성공" classname="com.kspo.carefit.domain.exercise.service.ConditionCheckServiceTest" time="0.005"/>
  <testcase name="컨디션 체크 저장 - 전날 운동했음" classname="com.kspo.carefit.domain.exercise.service.ConditionCheckServiceTest" time="0.002"/>
  <system-out><![CDATA[]]></system-out>
  <system-err><![CDATA[Mockito is currently self-attaching to enable the inline-mock-maker. This will no longer work in future releases of the JDK. Please add Mockito as an agent to your build as described in Mockito's documentation: https://javadoc.io/doc/org.mockito/mockito-core/latest/org.mockito/org/mockito/Mockito.html#0.3
WARNING: A Java agent has been loaded dynamically (/Users/siglee/.gradle/caches/modules-2/files-2.1/net.bytebuddy/byte-buddy-agent/1.17.7/fbf3d6d649ed37fc9e9c59480a05be0a26e3c2da/byte-buddy-agent-1.17.7.jar)
WARNING: If a serviceability tool is in use, please run with -XX:+EnableDynamicAgentLoading to hide this warning
WARNING: If a serviceability tool is not in use, please run with -Djdk.instrument.traceUsage for more information
WARNING: Dynamic loading of agents will be disallowed by default in a future release
]]></system-err>
</testsuite>
